<?xml version="1.0" encoding="UTF-8"?>
<testng-results ignored="0" total="4" passed="4" failed="0" skipped="0">
  <reporter-output>
  </reporter-output>
  <suite started-at="2024-11-05T08:29:24 IST" name="Suite" finished-at="2024-11-05T08:31:06 IST" duration-ms="101912">
    <groups>
      <group name="smokeTest">
        <method signature="CreateCampaignWithProductTest.createCampaignWithProductTest()[pri:0, instance:campaigns.CreateCampaignWithProductTest@35841320]" name="createCampaignWithProductTest" class="campaigns.CreateCampaignWithProductTest"/>
      </group> <!-- smokeTest -->
    </groups>
    <test started-at="2024-11-05T08:29:24 IST" name="Test" finished-at="2024-11-05T08:31:06 IST" duration-ms="101912">
      <class name="product.CreateProductTest">
        <test-method is-config="true" signature="BC()[pri:0, instance:product.CreateProductTest@723ca036]" started-at="2024-11-05T08:30:48 IST" name="BC" finished-at="2024-11-05T08:30:50 IST" duration-ms="1420" status="PASS">
          <reporter-output>
          </reporter-output>
        </test-method> <!-- BC -->
        <test-method is-config="true" signature="BM()[pri:0, instance:product.CreateProductTest@723ca036]" started-at="2024-11-05T08:30:50 IST" name="BM" finished-at="2024-11-05T08:30:53 IST" duration-ms="3778" status="PASS">
          <reporter-output>
          </reporter-output>
        </test-method> <!-- BM -->
        <test-method signature="createProductTest()[pri:0, instance:product.CreateProductTest@723ca036]" started-at="2024-11-05T08:30:53 IST" name="createProductTest" finished-at="2024-11-05T08:31:04 IST" duration-ms="10859" status="PASS">
          <reporter-output>
          </reporter-output>
        </test-method> <!-- createProductTest -->
        <test-method is-config="true" signature="AM()[pri:0, instance:product.CreateProductTest@723ca036]" started-at="2024-11-05T08:31:04 IST" name="AM" finished-at="2024-11-05T08:31:06 IST" duration-ms="1224" status="PASS">
          <reporter-output>
          </reporter-output>
        </test-method> <!-- AM -->
        <test-method is-config="true" signature="AC()[pri:0, instance:product.CreateProductTest@723ca036]" started-at="2024-11-05T08:31:06 IST" name="AC" finished-at="2024-11-05T08:31:06 IST" duration-ms="174" status="PASS">
          <reporter-output>
          </reporter-output>
        </test-method> <!-- AC -->
      </class> <!-- product.CreateProductTest -->
      <class name="campaigns.CreateCampaignsTest">
        <test-method is-config="true" signature="BC()[pri:0, instance:campaigns.CreateCampaignsTest@533bda92]" started-at="2024-11-05T08:30:25 IST" name="BC" finished-at="2024-11-05T08:30:27 IST" duration-ms="1482" status="PASS">
          <reporter-output>
          </reporter-output>
        </test-method> <!-- BC -->
        <test-method is-config="true" signature="BM()[pri:0, instance:campaigns.CreateCampaignsTest@533bda92]" started-at="2024-11-05T08:30:27 IST" name="BM" finished-at="2024-11-05T08:30:31 IST" duration-ms="3799" status="PASS">
          <reporter-output>
          </reporter-output>
        </test-method> <!-- BM -->
        <test-method signature="createCampaignsTest()[pri:0, instance:campaigns.CreateCampaignsTest@533bda92]" started-at="2024-11-05T08:30:31 IST" name="createCampaignsTest" finished-at="2024-11-05T08:30:40 IST" duration-ms="9043" status="PASS">
          <reporter-output>
          </reporter-output>
        </test-method> <!-- createCampaignsTest -->
        <test-method is-config="true" signature="AM()[pri:0, instance:campaigns.CreateCampaignsTest@533bda92]" started-at="2024-11-05T08:30:40 IST" name="AM" finished-at="2024-11-05T08:30:41 IST" duration-ms="1497" status="PASS">
          <reporter-output>
          </reporter-output>
        </test-method> <!-- AM -->
        <test-method is-config="true" signature="BM()[pri:0, instance:campaigns.CreateCampaignsTest@533bda92]" started-at="2024-11-05T08:30:41 IST" name="BM" finished-at="2024-11-05T08:30:44 IST" duration-ms="2970" status="PASS">
          <reporter-output>
          </reporter-output>
        </test-method> <!-- BM -->
        <test-method signature="m1()[pri:0, instance:campaigns.CreateCampaignsTest@533bda92]" started-at="2024-11-05T08:30:44 IST" name="m1" finished-at="2024-11-05T08:30:44 IST" duration-ms="1" status="PASS">
          <reporter-output>
          </reporter-output>
        </test-method> <!-- m1 -->
        <test-method is-config="true" signature="AM()[pri:0, instance:campaigns.CreateCampaignsTest@533bda92]" started-at="2024-11-05T08:30:44 IST" name="AM" finished-at="2024-11-05T08:30:48 IST" duration-ms="3851" status="PASS">
          <reporter-output>
          </reporter-output>
        </test-method> <!-- AM -->
        <test-method is-config="true" signature="AC()[pri:0, instance:campaigns.CreateCampaignsTest@533bda92]" started-at="2024-11-05T08:30:48 IST" name="AC" finished-at="2024-11-05T08:30:48 IST" duration-ms="232" status="PASS">
          <reporter-output>
          </reporter-output>
        </test-method> <!-- AC -->
      </class> <!-- campaigns.CreateCampaignsTest -->
      <class name="campaigns.CreateCampaignWithProductTest">
        <test-method is-config="true" signature="BS()[pri:0, instance:campaigns.CreateCampaignWithProductTest@35841320]" started-at="2024-11-05T08:29:24 IST" name="BS" finished-at="2024-11-05T08:29:24 IST" duration-ms="27" status="PASS">
          <reporter-output>
          </reporter-output>
        </test-method> <!-- BS -->
        <test-method is-config="true" signature="BT()[pri:0, instance:campaigns.CreateCampaignWithProductTest@35841320]" started-at="2024-11-05T08:29:24 IST" name="BT" finished-at="2024-11-05T08:29:24 IST" duration-ms="1" status="PASS">
          <reporter-output>
          </reporter-output>
        </test-method> <!-- BT -->
        <test-method is-config="true" signature="BC()[pri:0, instance:campaigns.CreateCampaignWithProductTest@35841320]" started-at="2024-11-05T08:29:24 IST" name="BC" finished-at="2024-11-05T08:29:27 IST" duration-ms="2334" status="PASS">
          <reporter-output>
          </reporter-output>
        </test-method> <!-- BC -->
        <test-method is-config="true" signature="BM()[pri:0, instance:campaigns.CreateCampaignWithProductTest@35841320]" started-at="2024-11-05T08:29:27 IST" name="BM" finished-at="2024-11-05T08:29:39 IST" duration-ms="12441" status="PASS">
          <reporter-output>
          </reporter-output>
        </test-method> <!-- BM -->
        <test-method signature="createCampaignWithProductTest()[pri:0, instance:campaigns.CreateCampaignWithProductTest@35841320]" started-at="2024-11-05T08:29:39 IST" name="createCampaignWithProductTest" finished-at="2024-11-05T08:30:23 IST" duration-ms="43746" status="PASS">
          <reporter-output>
          </reporter-output>
        </test-method> <!-- createCampaignWithProductTest -->
        <test-method is-config="true" signature="AM()[pri:0, instance:campaigns.CreateCampaignWithProductTest@35841320]" started-at="2024-11-05T08:30:23 IST" name="AM" finished-at="2024-11-05T08:30:25 IST" duration-ms="2373" status="PASS">
          <reporter-output>
          </reporter-output>
        </test-method> <!-- AM -->
        <test-method is-config="true" signature="AC()[pri:0, instance:campaigns.CreateCampaignWithProductTest@35841320]" started-at="2024-11-05T08:30:25 IST" name="AC" finished-at="2024-11-05T08:30:25 IST" duration-ms="264" status="PASS">
          <reporter-output>
          </reporter-output>
        </test-method> <!-- AC -->
        <test-method is-config="true" signature="AT()[pri:0, instance:campaigns.CreateCampaignWithProductTest@35841320]" started-at="2024-11-05T08:31:06 IST" name="AT" finished-at="2024-11-05T08:31:06 IST" duration-ms="0" status="PASS">
          <reporter-output>
          </reporter-output>
        </test-method> <!-- AT -->
        <test-method is-config="true" signature="AS()[pri:0, instance:campaigns.CreateCampaignWithProductTest@35841320]" started-at="2024-11-05T08:31:06 IST" name="AS" finished-at="2024-11-05T08:31:06 IST" duration-ms="0" status="PASS">
          <reporter-output>
          </reporter-output>
        </test-method> <!-- AS -->
      </class> <!-- campaigns.CreateCampaignWithProductTest -->
    </test> <!-- Test -->
  </suite> <!-- Suite -->
</testng-results>
